  main.cpp
c:\users\tim\documents\uni\cgpracticals\project3\trackball.h(13): warning C4305: 'initializing': truncation from 'double' to 'float'
c:\users\tim\documents\uni\cgpracticals\project3\trackball.h(117): warning C4244: 'argument': conversion from 'double' to 'GLfloat', possible loss of data
c:\users\tim\documents\uni\cgpracticals\project3\trackball.h(140): warning C4244: 'argument': conversion from 'double' to 'GLfloat', possible loss of data
c:\users\tim\documents\uni\cgpracticals\project3\trackball.h(172): warning C4244: 'argument': conversion from 'double' to 'GLfloat', possible loss of data
c:\users\tim\documents\uni\cgpracticals\project3\main.cpp(187): warning C4305: '+=': truncation from 'double' to 'float'
c:\users\tim\documents\uni\cgpracticals\project3\main.cpp(324): warning C4244: 'initializing': conversion from 'int' to 'float', possible loss of data
c:\users\tim\documents\uni\cgpracticals\project3\main.cpp(326): warning C4244: 'argument': conversion from 'float' to 'unsigned int', possible loss of data
c:\users\tim\documents\uni\cgpracticals\project3\main.cpp(328): warning C4244: 'argument': conversion from 'float' to 'unsigned int', possible loss of data
c:\users\tim\documents\uni\cgpracticals\project3\main.cpp(330): warning C4244: 'argument': conversion from 'float' to 'unsigned int', possible loss of data
c:\users\tim\documents\uni\cgpracticals\project3\main.cpp(332): warning C4244: 'argument': conversion from 'float' to 'unsigned int', possible loss of data
c:\users\tim\documents\uni\cgpracticals\project3\main.cpp(334): warning C4244: 'argument': conversion from 'float' to 'unsigned int', possible loss of data
c:\users\tim\documents\uni\cgpracticals\project3\main.cpp(336): warning C4244: 'argument': conversion from 'float' to 'unsigned int', possible loss of data
c:\users\tim\documents\uni\cgpracticals\project3\main.cpp(345): warning C4244: 'argument': conversion from 'float' to 'unsigned int', possible loss of data
c:\users\tim\documents\uni\cgpracticals\project3\main.cpp(345): warning C4244: '=': conversion from 'int' to 'float', possible loss of data
c:\users\tim\documents\uni\cgpracticals\project3\main.cpp(346): warning C4244: 'argument': conversion from 'float' to 'unsigned int', possible loss of data
c:\users\tim\documents\uni\cgpracticals\project3\main.cpp(346): warning C4244: '=': conversion from 'int' to 'float', possible loss of data
c:\users\tim\documents\uni\cgpracticals\project3\main.cpp(347): warning C4244: 'argument': conversion from 'float' to 'unsigned int', possible loss of data
c:\users\tim\documents\uni\cgpracticals\project3\main.cpp(349): warning C4244: 'argument': conversion from 'float' to 'unsigned int', possible loss of data
c:\users\tim\documents\uni\cgpracticals\project3\main.cpp(349): warning C4244: '=': conversion from 'int' to 'float', possible loss of data
c:\users\tim\documents\uni\cgpracticals\project3\main.cpp(350): warning C4244: 'argument': conversion from 'float' to 'unsigned int', possible loss of data
c:\users\tim\documents\uni\cgpracticals\project3\main.cpp(350): warning C4244: '=': conversion from 'int' to 'float', possible loss of data
c:\users\tim\documents\uni\cgpracticals\project3\main.cpp(351): warning C4244: 'argument': conversion from 'float' to 'unsigned int', possible loss of data
c:\users\tim\documents\uni\cgpracticals\project3\main.cpp(353): warning C4244: 'argument': conversion from 'float' to 'unsigned int', possible loss of data
c:\users\tim\documents\uni\cgpracticals\project3\main.cpp(353): warning C4244: '=': conversion from 'int' to 'float', possible loss of data
c:\users\tim\documents\uni\cgpracticals\project3\main.cpp(354): warning C4244: 'argument': conversion from 'float' to 'unsigned int', possible loss of data
c:\users\tim\documents\uni\cgpracticals\project3\main.cpp(354): warning C4244: '=': conversion from 'int' to 'float', possible loss of data
c:\users\tim\documents\uni\cgpracticals\project3\main.cpp(355): warning C4244: 'argument': conversion from 'float' to 'unsigned int', possible loss of data
c:\users\tim\documents\uni\cgpracticals\project3\main.cpp(357): warning C4244: 'argument': conversion from 'float' to 'unsigned int', possible loss of data
c:\users\tim\documents\uni\cgpracticals\project3\main.cpp(357): warning C4244: '=': conversion from 'int' to 'float', possible loss of data
c:\users\tim\documents\uni\cgpracticals\project3\main.cpp(358): warning C4244: 'argument': conversion from 'float' to 'unsigned int', possible loss of data
c:\users\tim\documents\uni\cgpracticals\project3\main.cpp(358): warning C4244: '=': conversion from 'int' to 'float', possible loss of data
c:\users\tim\documents\uni\cgpracticals\project3\main.cpp(359): warning C4244: 'argument': conversion from 'float' to 'unsigned int', possible loss of data
c:\users\tim\documents\uni\cgpracticals\project3\main.cpp(362): warning C4244: 'argument': conversion from 'float' to 'unsigned int', possible loss of data
c:\users\tim\documents\uni\cgpracticals\project3\main.cpp(363): warning C4244: 'argument': conversion from 'float' to 'unsigned int', possible loss of data
c:\users\tim\documents\uni\cgpracticals\project3\main.cpp(364): warning C4244: 'argument': conversion from 'float' to 'unsigned int', possible loss of data
c:\users\tim\documents\uni\cgpracticals\project3\main.cpp(365): warning C4244: 'argument': conversion from 'float' to 'unsigned int', possible loss of data
c:\users\tim\documents\uni\cgpracticals\project3\main.cpp(369): warning C4244: 'argument': conversion from 'float' to 'unsigned int', possible loss of data
c:\users\tim\documents\uni\cgpracticals\project3\main.cpp(370): warning C4244: 'argument': conversion from 'float' to 'unsigned int', possible loss of data
c:\users\tim\documents\uni\cgpracticals\project3\main.cpp(371): warning C4244: 'argument': conversion from 'float' to 'unsigned int', possible loss of data
c:\users\tim\documents\uni\cgpracticals\project3\main.cpp(377): warning C4244: 'argument': conversion from 'float' to 'unsigned int', possible loss of data
c:\users\tim\documents\uni\cgpracticals\project3\main.cpp(378): warning C4244: 'argument': conversion from 'float' to 'unsigned int', possible loss of data
c:\users\tim\documents\uni\cgpracticals\project3\main.cpp(379): warning C4244: 'argument': conversion from 'float' to 'unsigned int', possible loss of data
c:\users\tim\documents\uni\cgpracticals\project3\main.cpp(381): warning C4244: 'argument': conversion from 'float' to 'unsigned int', possible loss of data
c:\users\tim\documents\uni\cgpracticals\project3\main.cpp(382): warning C4244: 'argument': conversion from 'float' to 'unsigned int', possible loss of data
c:\users\tim\documents\uni\cgpracticals\project3\main.cpp(383): warning C4244: 'argument': conversion from 'float' to 'unsigned int', possible loss of data
c:\users\tim\documents\uni\cgpracticals\project3\main.cpp(385): warning C4244: 'argument': conversion from 'float' to 'unsigned int', possible loss of data
c:\users\tim\documents\uni\cgpracticals\project3\main.cpp(386): warning C4244: 'argument': conversion from 'float' to 'unsigned int', possible loss of data
c:\users\tim\documents\uni\cgpracticals\project3\main.cpp(387): warning C4244: 'argument': conversion from 'float' to 'unsigned int', possible loss of data
c:\users\tim\documents\uni\cgpracticals\project3\main.cpp(389): warning C4244: 'argument': conversion from 'float' to 'unsigned int', possible loss of data
c:\users\tim\documents\uni\cgpracticals\project3\main.cpp(390): warning C4244: 'argument': conversion from 'float' to 'unsigned int', possible loss of data
c:\users\tim\documents\uni\cgpracticals\project3\main.cpp(391): warning C4244: 'argument': conversion from 'float' to 'unsigned int', possible loss of data
c:\users\tim\documents\uni\cgpracticals\project3\main.cpp(394): warning C4244: 'argument': conversion from 'float' to 'unsigned int', possible loss of data
c:\users\tim\documents\uni\cgpracticals\project3\main.cpp(395): warning C4244: 'argument': conversion from 'float' to 'unsigned int', possible loss of data
c:\users\tim\documents\uni\cgpracticals\project3\main.cpp(396): warning C4244: 'argument': conversion from 'float' to 'unsigned int', possible loss of data
c:\users\tim\documents\uni\cgpracticals\project3\main.cpp(398): warning C4244: 'argument': conversion from 'float' to 'unsigned int', possible loss of data
c:\users\tim\documents\uni\cgpracticals\project3\main.cpp(399): warning C4244: 'argument': conversion from 'float' to 'unsigned int', possible loss of data
c:\users\tim\documents\uni\cgpracticals\project3\main.cpp(400): warning C4244: 'argument': conversion from 'float' to 'unsigned int', possible loss of data
c:\users\tim\documents\uni\cgpracticals\project3\main.cpp(402): warning C4244: 'argument': conversion from 'float' to 'unsigned int', possible loss of data
c:\users\tim\documents\uni\cgpracticals\project3\main.cpp(403): warning C4244: 'argument': conversion from 'float' to 'unsigned int', possible loss of data
c:\users\tim\documents\uni\cgpracticals\project3\main.cpp(404): warning C4244: 'argument': conversion from 'float' to 'unsigned int', possible loss of data
c:\users\tim\documents\uni\cgpracticals\project3\main.cpp(406): warning C4244: 'argument': conversion from 'float' to 'unsigned int', possible loss of data
c:\users\tim\documents\uni\cgpracticals\project3\main.cpp(407): warning C4244: 'argument': conversion from 'float' to 'unsigned int', possible loss of data
c:\users\tim\documents\uni\cgpracticals\project3\main.cpp(408): warning C4244: 'argument': conversion from 'float' to 'unsigned int', possible loss of data
c:\users\tim\documents\uni\cgpracticals\project3\main.cpp(411): warning C4244: 'argument': conversion from 'float' to 'unsigned int', possible loss of data
c:\users\tim\documents\uni\cgpracticals\project3\main.cpp(411): warning C4244: '=': conversion from 'int' to 'float', possible loss of data
c:\users\tim\documents\uni\cgpracticals\project3\main.cpp(412): warning C4244: 'argument': conversion from 'float' to 'unsigned int', possible loss of data
c:\users\tim\documents\uni\cgpracticals\project3\main.cpp(412): warning C4244: '=': conversion from 'int' to 'float', possible loss of data
c:\users\tim\documents\uni\cgpracticals\project3\main.cpp(414): warning C4244: 'argument': conversion from 'float' to 'unsigned int', possible loss of data
c:\users\tim\documents\uni\cgpracticals\project3\main.cpp(414): warning C4244: '=': conversion from 'int' to 'float', possible loss of data
c:\users\tim\documents\uni\cgpracticals\project3\main.cpp(415): warning C4244: 'argument': conversion from 'float' to 'unsigned int', possible loss of data
c:\users\tim\documents\uni\cgpracticals\project3\main.cpp(415): warning C4244: '=': conversion from 'int' to 'float', possible loss of data
c:\users\tim\documents\uni\cgpracticals\project3\main.cpp(417): warning C4244: 'argument': conversion from 'float' to 'unsigned int', possible loss of data
c:\users\tim\documents\uni\cgpracticals\project3\main.cpp(417): warning C4244: '=': conversion from 'int' to 'float', possible loss of data
c:\users\tim\documents\uni\cgpracticals\project3\main.cpp(418): warning C4244: 'argument': conversion from 'float' to 'unsigned int', possible loss of data
c:\users\tim\documents\uni\cgpracticals\project3\main.cpp(418): warning C4244: '=': conversion from 'int' to 'float', possible loss of data
c:\users\tim\documents\uni\cgpracticals\project3\main.cpp(420): warning C4244: 'argument': conversion from 'float' to 'unsigned int', possible loss of data
c:\users\tim\documents\uni\cgpracticals\project3\main.cpp(420): warning C4244: '=': conversion from 'int' to 'float', possible loss of data
c:\users\tim\documents\uni\cgpracticals\project3\main.cpp(421): warning C4244: 'argument': conversion from 'float' to 'unsigned int', possible loss of data
c:\users\tim\documents\uni\cgpracticals\project3\main.cpp(421): warning C4244: '=': conversion from 'int' to 'float', possible loss of data
c:\users\tim\documents\uni\cgpracticals\project3\main.cpp(425): warning C4244: 'argument': conversion from 'float' to 'unsigned int', possible loss of data
c:\users\tim\documents\uni\cgpracticals\project3\main.cpp(425): warning C4244: '=': conversion from 'float' to 'unsigned int', possible loss of data
c:\users\tim\documents\uni\cgpracticals\project3\main.cpp(426): warning C4244: 'argument': conversion from 'float' to 'unsigned int', possible loss of data
c:\users\tim\documents\uni\cgpracticals\project3\main.cpp(426): warning C4244: '=': conversion from 'float' to 'unsigned int', possible loss of data
c:\users\tim\documents\uni\cgpracticals\project3\main.cpp(427): warning C4244: 'argument': conversion from 'float' to 'unsigned int', possible loss of data
c:\users\tim\documents\uni\cgpracticals\project3\main.cpp(427): warning C4244: '=': conversion from 'float' to 'unsigned int', possible loss of data
c:\users\tim\documents\uni\cgpracticals\project3\main.cpp(429): warning C4244: 'argument': conversion from 'float' to 'unsigned int', possible loss of data
c:\users\tim\documents\uni\cgpracticals\project3\main.cpp(429): warning C4244: '=': conversion from 'float' to 'unsigned int', possible loss of data
c:\users\tim\documents\uni\cgpracticals\project3\main.cpp(430): warning C4244: 'argument': conversion from 'float' to 'unsigned int', possible loss of data
c:\users\tim\documents\uni\cgpracticals\project3\main.cpp(430): warning C4244: '=': conversion from 'float' to 'unsigned int', possible loss of data
c:\users\tim\documents\uni\cgpracticals\project3\main.cpp(431): warning C4244: 'argument': conversion from 'float' to 'unsigned int', possible loss of data
c:\users\tim\documents\uni\cgpracticals\project3\main.cpp(431): warning C4244: '=': conversion from 'float' to 'unsigned int', possible loss of data
c:\users\tim\documents\uni\cgpracticals\project3\main.cpp(441): warning C4018: '<': signed/unsigned mismatch
c:\users\tim\documents\uni\cgpracticals\project3\main.cpp(545): warning C4305: '-=': truncation from 'double' to 'float'
c:\users\tim\documents\uni\cgpracticals\project3\main.cpp(550): warning C4305: '+=': truncation from 'double' to 'float'
c:\users\tim\documents\uni\cgpracticals\project3\main.cpp(555): warning C4305: '+=': truncation from 'double' to 'float'
c:\users\tim\documents\uni\cgpracticals\project3\main.cpp(560): warning C4305: '-=': truncation from 'double' to 'float'
  Project3.vcxproj -> C:\Users\Tim\Documents\Uni\CGPracticals\Project3\Debug\Project3.exe
  Project3.vcxproj -> C:\Users\Tim\Documents\Uni\CGPracticals\Project3\Debug\Project3.pdb (Partial PDB)
