  mesh.cpp
c:\users\tim\documents\uni\cgpracticals\project2\project2\mesh.cpp(22): warning C4244: 'argument': conversion from 'unsigned int' to 'float', possible loss of data
c:\users\tim\documents\uni\cgpracticals\project2\project2\mesh.cpp(31): warning C4305: '+=': truncation from 'double' to 'float'
c:\users\tim\documents\uni\cgpracticals\project2\project2\mesh.cpp(34): warning C4244: '=': conversion from 'double' to 'float', possible loss of data
c:\users\tim\documents\uni\cgpracticals\project2\project2\mesh.cpp(71): warning C4244: 'argument': conversion from 'unsigned int' to 'float', possible loss of data
c:\users\tim\documents\uni\cgpracticals\project2\project2\mesh.cpp(90): warning C4018: '<': signed/unsigned mismatch
c:\users\tim\documents\uni\cgpracticals\project2\project2\mesh.cpp(105): warning C4018: '<': signed/unsigned mismatch
c:\users\tim\documents\uni\cgpracticals\project2\project2\mesh.cpp(238): warning C4018: '<': signed/unsigned mismatch
  main.cpp
c:\users\tim\documents\uni\cgpracticals\project2\project2\matrix.h(35): warning C4244: '+=': conversion from 'GLdouble' to 'GLfloat', possible loss of data
c:\users\tim\documents\uni\cgpracticals\project2\project2\matrix.h(45): warning C4244: '+=': conversion from 'GLdouble' to 'GLfloat', possible loss of data
c:\users\tim\documents\uni\cgpracticals\project2\project2\matrix.h(47): warning C4244: '=': conversion from 'const GLdouble' to 'GLfloat', possible loss of data
c:\users\tim\documents\uni\cgpracticals\project2\project2\trackball.h(15): warning C4305: 'initializing': truncation from 'double' to 'float'
c:\users\tim\documents\uni\cgpracticals\project2\project2\trackball.h(119): warning C4244: 'argument': conversion from 'double' to 'GLfloat', possible loss of data
c:\users\tim\documents\uni\cgpracticals\project2\project2\trackball.h(142): warning C4244: 'argument': conversion from 'double' to 'GLfloat', possible loss of data
c:\users\tim\documents\uni\cgpracticals\project2\project2\trackball.h(174): warning C4244: 'argument': conversion from 'double' to 'GLfloat', possible loss of data
c:\users\tim\documents\uni\cgpracticals\project2\project2\trackball.h(230): warning C4244: 'argument': conversion from 'double' to 'float', possible loss of data
c:\users\tim\documents\uni\cgpracticals\project2\project2\yourcode.h(20): warning C4305: 'initializing': truncation from 'double' to 'float'
c:\users\tim\documents\uni\cgpracticals\project2\project2\yourcode.h(48): warning C4305: '-=': truncation from 'double' to 'float'
c:\users\tim\documents\uni\cgpracticals\project2\project2\yourcode.h(51): warning C4305: '+=': truncation from 'double' to 'float'
c:\users\tim\documents\uni\cgpracticals\project2\project2\yourcode.h(147): warning C4244: 'argument': conversion from 'double' to 'float', possible loss of data
  Generating Code...
  Project2.vcxproj -> C:\Users\Tim\Documents\Uni\CGPracticals\Project2\Debug\Project2.exe
  Project2.vcxproj -> C:\Users\Tim\Documents\Uni\CGPracticals\Project2\Debug\Project2.pdb (Partial PDB)
